build/app/intermediates/manifest_merge_blame_file/release/manifest-merger-blame-release-report.txt
1<?xml version="1.0" encoding="utf-8"?>
2<manifest xmlns:android="http://schemas.android.com/apk/res/android"
3    package="com.naomilago.flutter_quiz_app"
4    android:versionCode="1"
5    android:versionName="1.0.0" > <!-- Add this -->
6    <uses-sdk
7        android:minSdkVersion="20"
7-->src/main/AndroidManifest.xml
8        android:targetSdkVersion="30" />
8-->src/main/AndroidManifest.xml
9
10    <uses-permission android:name="android.permission.INTERNET" />
10-->src/main/AndroidManifest.xml:35:5-66
10-->src/main/AndroidManifest.xml:35:22-64
11
12    <application
13        android:name="android.app.Application"
13-->src/main/AndroidManifest.xml:6:9-42
14        android:appComponentFactory="androidx.core.app.CoreComponentFactory"
14-->[androidx.core:core:1.6.0] AndroidManifest.xml:24:18-86
15        android:icon="@mipmap/launcher_icon"
15-->src/main/AndroidManifest.xml:7:9-45
16        android:label="Trivia App Subpart 2" >
16-->src/main/AndroidManifest.xml:5:9-45
17        <activity
17-->src/main/AndroidManifest.xml:8:9-28:20
18            android:name="com.naomilago.flutter_quiz_app.MainActivity"
18-->src/main/AndroidManifest.xml:9:13-41
19            android:configChanges="orientation|keyboardHidden|keyboard|screenSize|smallestScreenSize|locale|layoutDirection|fontScale|screenLayout|density|uiMode"
19-->src/main/AndroidManifest.xml:13:13-163
20            android:exported="true"
20-->src/main/AndroidManifest.xml:10:13-36
21            android:hardwareAccelerated="true"
21-->src/main/AndroidManifest.xml:14:13-47
22            android:launchMode="singleTop"
22-->src/main/AndroidManifest.xml:11:13-43
23            android:theme="@style/LaunchTheme"
23-->src/main/AndroidManifest.xml:12:13-47
24            android:windowSoftInputMode="adjustResize" >
24-->src/main/AndroidManifest.xml:15:13-55
25
26            <!--
27                 Specifies an Android theme to apply to this Activity as soon as
28                 the Android process has started. This theme is visible to the user
29                 while the Flutter UI initializes. After that, this theme continues
30                 to determine the Window background behind the Flutter UI.
31            -->
32            <meta-data
32-->src/main/AndroidManifest.xml:20:13-23:17
33                android:name="io.flutter.embedding.android.NormalTheme"
33-->src/main/AndroidManifest.xml:21:15-70
34                android:resource="@style/NormalTheme" />
34-->src/main/AndroidManifest.xml:22:15-52
35
36            <intent-filter>
36-->src/main/AndroidManifest.xml:24:13-27:29
37                <action android:name="android.intent.action.MAIN" />
37-->src/main/AndroidManifest.xml:25:17-68
37-->src/main/AndroidManifest.xml:25:25-66
38
39                <category android:name="android.intent.category.LAUNCHER" />
39-->src/main/AndroidManifest.xml:26:17-76
39-->src/main/AndroidManifest.xml:26:27-74
40            </intent-filter>
41        </activity>
42        <!--
43             Don't delete the meta-data below.
44             This is used by the Flutter tool to generate GeneratedPluginRegistrant.java
45        -->
46        <meta-data
46-->src/main/AndroidManifest.xml:31:9-33:33
47            android:name="flutterEmbedding"
47-->src/main/AndroidManifest.xml:32:13-44
48            android:value="2" />
48-->src/main/AndroidManifest.xml:33:13-30
49
50        <uses-library
50-->[androidx.window:window:1.0.0-beta04] AndroidManifest.xml:25:9-27:40
51            android:name="androidx.window.extensions"
51-->[androidx.window:window:1.0.0-beta04] AndroidManifest.xml:26:13-54
52            android:required="false" />
52-->[androidx.window:window:1.0.0-beta04] AndroidManifest.xml:27:13-37
53        <uses-library
53-->[androidx.window:window:1.0.0-beta04] AndroidManifest.xml:28:9-30:40
54            android:name="androidx.window.sidecar"
54-->[androidx.window:window:1.0.0-beta04] AndroidManifest.xml:29:13-51
55            android:required="false" />
55-->[androidx.window:window:1.0.0-beta04] AndroidManifest.xml:30:13-37
56    </application>
57
58</manifest>